Command line:
   Data_Memory_isim_beh.exe
     -simmode  gui
     -simrunnum  1
     -socket  50076

Tue May 31 12:10:28 2022


 Elaboration Time: 0.07 sec

 Current Memory Usage: 215.38 Meg

 Total Signals          : 28
 Total Nets             : 150
 Total Signal Drivers   : 12
 Total Blocks           : 4
 Total Primitive Blocks : 2
 Total Processes        : 25
 Total Traceable Variables  : 37
 Total Scalar Nets and Variables : 33365
Total Line Count : 83

 Total Simulation Time: 0.12 sec

 Current Memory Usage: 292.979 Meg

Tue May 31 12:10:42 2022

